mp5 feedback for yuyi.21
g++  -std=c++11 -g -O3 -pedantic -Werror -Wfatal-errors -Wextra -Wno-unused-parameter -Wno-unused-variable  -MMD -MP  -c maptiles.cpp -o .objs/maptiles.o
g++  -std=c++11 -g -O3 -pedantic -Werror -Wfatal-errors -Wextra -Wno-unused-parameter -Wno-unused-variable  -MMD -MP  -c mosaiccanvas.cpp -o .objs/mosaiccanvas.o
g++  -std=c++11 -g -O3 -pedantic -Werror -Wfatal-errors -Wextra -Wno-unused-parameter -Wno-unused-variable  -MMD -MP  -c sourceimage.cpp -o .objs/sourceimage.o
g++  -std=c++11 -g -O3 -pedantic -Werror -Wfatal-errors -Wextra -Wno-unused-parameter -Wno-unused-variable  -MMD -MP  -c tileimage.cpp -o .objs/tileimage.o
g++  -std=c++11 -g -O3 -pedantic -Werror -Wfatal-errors -Wextra -Wno-unused-parameter -Wno-unused-variable  -MMD -MP  -c util/coloredout.cpp -o .objs/util/coloredout.o
g++  -std=c++11 -g -O3 -pedantic -Werror -Wfatal-errors -Wextra -Wno-unused-parameter -Wno-unused-variable  -MMD -MP  -c util/util.cpp -o .objs/util/util.o
g++  -std=c++11 -g -O3 -pedantic -Werror -Wfatal-errors -Wextra -Wno-unused-parameter -Wno-unused-variable  -MMD -MP  -c cs225/HSLAPixel.cpp -o .objs/cs225/HSLAPixel.o
g++  -std=c++11 -g -O3 -pedantic -Werror -Wfatal-errors -Wextra -Wno-unused-parameter -Wno-unused-variable  -MMD -MP  -c cs225/PNG.cpp -o .objs/cs225/PNG.o
g++  -std=c++11 -g -O3 -pedantic -Werror -Wfatal-errors -Wextra -Wno-unused-parameter -Wno-unused-variable  -MMD -MP  -c cs225/lodepng/lodepng.cpp -o .objs/cs225/lodepng/lodepng.o
g++  -std=c++11 -g -O3 -pedantic -Werror -Wfatal-errors -Wextra -Wno-unused-parameter -Wno-unused-variable  -MMD -MP  -c tests/tests_part1.cpp -o .objs/tests/tests_part1.o
In file included from tests/tests_part1.cpp:10:
In file included from tests/../kdtree.h:320:
tests/../kdtree.cpp:177:31: fatal error: member reference type 'const KDTree<3>' is not a pointer; did you mean to use '.'?
  this->root = copy(root,other->root);
                         ~~~~~^~
                              .
tests/tests_part1.cpp:134:25: note: in instantiation of member function 'KDTree<3>::KDTree' requested here
  KDTree<3> tree_copy = tree;
                        ^
1 error generated.
make: *** [.objs/tests/tests_part1.o] Error 1
Code does not compile.

Total: 0
